[2018-07-04 14:11:58] development.ERROR: PDOException: SQLSTATE[HY000] [1045] Access denied for user ''@'localhost' (using password: NO) in /home/vagrant/Code/SayAsThat/vendor/doctrine/dbal/lib/Doctrine/DBAL/Driver/PDOConnection.php:43
Stack trace:
#0 /home/vagrant/Code/SayAsThat/vendor/doctrine/dbal/lib/Doctrine/DBAL/Driver/PDOConnection.php(43): PDO->__construct('mysql:host=loca...', '', '', Array)
#1 /home/vagrant/Code/SayAsThat/vendor/laravel/framework/src/Illuminate/Database/Connectors/Connector.php(64): Doctrine\DBAL\Driver\PDOConnection->__construct('mysql:host=loca...', '', '', Array)
#2 /home/vagrant/Code/SayAsThat/vendor/laravel/framework/src/Illuminate/Database/Connectors/Connector.php(43): Illuminate\Database\Connectors\Connector->createPdoConnection('mysql:host=loca...', '', '', Array)
#3 /home/vagrant/Code/SayAsThat/vendor/laravel/framework/src/Illuminate/Database/Connectors/MySqlConnector.php(24): Illuminate\Database\Connectors\Connector->createConnection('mysql:host=loca...', Array, Array)
#4 /home/vagrant/Code/SayAsThat/vendor/october/rain/src/Database/Connectors/ConnectionFactory.php(28): Illuminate\Database\Connectors\MySqlConnector->connect(Array)
#5 [internal function]: October\Rain\Database\Connectors\ConnectionFactory->October\Rain\Database\Connectors\{closure}()
#6 /home/vagrant/Code/SayAsThat/vendor/laravel/framework/src/Illuminate/Database/Connection.php(915): call_user_func(Object(Closure))
#7 /home/vagrant/Code/SayAsThat/vendor/laravel/framework/src/Illuminate/Database/Connection.php(940): Illuminate\Database\Connection->getPdo()
#8 /home/vagrant/Code/SayAsThat/vendor/laravel/framework/src/Illuminate/Database/Connection.php(399): Illuminate\Database\Connection->getReadPdo()
#9 /home/vagrant/Code/SayAsThat/vendor/laravel/framework/src/Illuminate/Database/Connection.php(325): Illuminate\Database\Connection->getPdoForSelect(true)
#10 /home/vagrant/Code/SayAsThat/vendor/laravel/framework/src/Illuminate/Database/Connection.php(657): Illuminate\Database\Connection->Illuminate\Database\{closure}('select * from i...', Array)
#11 /home/vagrant/Code/SayAsThat/vendor/laravel/framework/src/Illuminate/Database/Connection.php(624): Illuminate\Database\Connection->runQueryCallback('select * from i...', Array, Object(Closure))
#12 /home/vagrant/Code/SayAsThat/vendor/laravel/framework/src/Illuminate/Database/Connection.php(333): Illuminate\Database\Connection->run('select * from i...', Array, Object(Closure))
#13 /home/vagrant/Code/SayAsThat/vendor/laravel/framework/src/Illuminate/Database/Schema/MySqlBuilder.php(18): Illuminate\Database\Connection->select('select * from i...', Array)
#14 /home/vagrant/Code/SayAsThat/vendor/laravel/framework/src/Illuminate/Support/Facades/Facade.php(221): Illuminate\Database\Schema\MySqlBuilder->hasTable('migrations')
#15 /home/vagrant/Code/SayAsThat/modules/system/Classes/UpdateManager.php(136): Illuminate\Support\Facades\Facade::__callStatic('hasTable', Array)
#16 /home/vagrant/Code/SayAsThat/modules/system/Console/OctoberUp.php(45): System\Classes\UpdateManager->update()
#17 [internal function]: System\Console\OctoberUp->handle()
#18 /home/vagrant/Code/SayAsThat/vendor/laravel/framework/src/Illuminate/Container/BoundMethod.php(29): call_user_func_array(Array, Array)
#19 /home/vagrant/Code/SayAsThat/vendor/laravel/framework/src/Illuminate/Container/BoundMethod.php(87): Illuminate\Container\BoundMethod::Illuminate\Container\{closure}()
#20 /home/vagrant/Code/SayAsThat/vendor/laravel/framework/src/Illuminate/Container/BoundMethod.php(31): Illuminate\Container\BoundMethod::callBoundMethod(Object(October\Rain\Foundation\Application), Array, Object(Closure))
#21 /home/vagrant/Code/SayAsThat/vendor/laravel/framework/src/Illuminate/Container/Container.php(549): Illuminate\Container\BoundMethod::call(Object(October\Rain\Foundation\Application), Array, Array, NULL)
#22 /home/vagrant/Code/SayAsThat/vendor/laravel/framework/src/Illuminate/Console/Command.php(183): Illuminate\Container\Container->call(Array)
#23 /home/vagrant/Code/SayAsThat/vendor/symfony/console/Command/Command.php(251): Illuminate\Console\Command->execute(Object(Symfony\Component\Console\Input\ArgvInput), Object(Illuminate\Console\OutputStyle))
#24 /home/vagrant/Code/SayAsThat/vendor/laravel/framework/src/Illuminate/Console/Command.php(170): Symfony\Component\Console\Command\Command->run(Object(Symfony\Component\Console\Input\ArgvInput), Object(Illuminate\Console\OutputStyle))
#25 /home/vagrant/Code/SayAsThat/vendor/symfony/console/Application.php(946): Illuminate\Console\Command->run(Object(Symfony\Component\Console\Input\ArgvInput), Object(Symfony\Component\Console\Output\ConsoleOutput))
#26 /home/vagrant/Code/SayAsThat/vendor/symfony/console/Application.php(248): Symfony\Component\Console\Application->doRunCommand(Object(System\Console\OctoberUp), Object(Symfony\Component\Console\Input\ArgvInput), Object(Symfony\Component\Console\Output\ConsoleOutput))
#27 /home/vagrant/Code/SayAsThat/vendor/symfony/console/Application.php(148): Symfony\Component\Console\Application->doRun(Object(Symfony\Component\Console\Input\ArgvInput), Object(Symfony\Component\Console\Output\ConsoleOutput))
#28 /home/vagrant/Code/SayAsThat/vendor/laravel/framework/src/Illuminate/Console/Application.php(88): Symfony\Component\Console\Application->run(Object(Symfony\Component\Console\Input\ArgvInput), Object(Symfony\Component\Console\Output\ConsoleOutput))
#29 /home/vagrant/Code/SayAsThat/vendor/laravel/framework/src/Illuminate/Foundation/Console/Kernel.php(121): Illuminate\Console\Application->run(Object(Symfony\Component\Console\Input\ArgvInput), Object(Symfony\Component\Console\Output\ConsoleOutput))
#30 /home/vagrant/Code/SayAsThat/artisan(35): Illuminate\Foundation\Console\Kernel->handle(Object(Symfony\Component\Console\Input\ArgvInput), Object(Symfony\Component\Console\Output\ConsoleOutput))
#31 {main}

Next Doctrine\DBAL\Driver\PDOException: SQLSTATE[HY000] [1045] Access denied for user ''@'localhost' (using password: NO) in /home/vagrant/Code/SayAsThat/vendor/doctrine/dbal/lib/Doctrine/DBAL/Driver/PDOConnection.php:47
Stack trace:
#0 /home/vagrant/Code/SayAsThat/vendor/laravel/framework/src/Illuminate/Database/Connectors/Connector.php(64): Doctrine\DBAL\Driver\PDOConnection->__construct('mysql:host=loca...', '', '', Array)
#1 /home/vagrant/Code/SayAsThat/vendor/laravel/framework/src/Illuminate/Database/Connectors/Connector.php(43): Illuminate\Database\Connectors\Connector->createPdoConnection('mysql:host=loca...', '', '', Array)
#2 /home/vagrant/Code/SayAsThat/vendor/laravel/framework/src/Illuminate/Database/Connectors/MySqlConnector.php(24): Illuminate\Database\Connectors\Connector->createConnection('mysql:host=loca...', Array, Array)
#3 /home/vagrant/Code/SayAsThat/vendor/october/rain/src/Database/Connectors/ConnectionFactory.php(28): Illuminate\Database\Connectors\MySqlConnector->connect(Array)
#4 [internal function]: October\Rain\Database\Connectors\ConnectionFactory->October\Rain\Database\Connectors\{closure}()
#5 /home/vagrant/Code/SayAsThat/vendor/laravel/framework/src/Illuminate/Database/Connection.php(915): call_user_func(Object(Closure))
#6 /home/vagrant/Code/SayAsThat/vendor/laravel/framework/src/Illuminate/Database/Connection.php(940): Illuminate\Database\Connection->getPdo()
#7 /home/vagrant/Code/SayAsThat/vendor/laravel/framework/src/Illuminate/Database/Connection.php(399): Illuminate\Database\Connection->getReadPdo()
#8 /home/vagrant/Code/SayAsThat/vendor/laravel/framework/src/Illuminate/Database/Connection.php(325): Illuminate\Database\Connection->getPdoForSelect(true)
#9 /home/vagrant/Code/SayAsThat/vendor/laravel/framework/src/Illuminate/Database/Connection.php(657): Illuminate\Database\Connection->Illuminate\Database\{closure}('select * from i...', Array)
#10 /home/vagrant/Code/SayAsThat/vendor/laravel/framework/src/Illuminate/Database/Connection.php(624): Illuminate\Database\Connection->runQueryCallback('select * from i...', Array, Object(Closure))
#11 /home/vagrant/Code/SayAsThat/vendor/laravel/framework/src/Illuminate/Database/Connection.php(333): Illuminate\Database\Connection->run('select * from i...', Array, Object(Closure))
#12 /home/vagrant/Code/SayAsThat/vendor/laravel/framework/src/Illuminate/Database/Schema/MySqlBuilder.php(18): Illuminate\Database\Connection->select('select * from i...', Array)
#13 /home/vagrant/Code/SayAsThat/vendor/laravel/framework/src/Illuminate/Support/Facades/Facade.php(221): Illuminate\Database\Schema\MySqlBuilder->hasTable('migrations')
#14 /home/vagrant/Code/SayAsThat/modules/system/Classes/UpdateManager.php(136): Illuminate\Support\Facades\Facade::__callStatic('hasTable', Array)
#15 /home/vagrant/Code/SayAsThat/modules/system/Console/OctoberUp.php(45): System\Classes\UpdateManager->update()
#16 [internal function]: System\Console\OctoberUp->handle()
#17 /home/vagrant/Code/SayAsThat/vendor/laravel/framework/src/Illuminate/Container/BoundMethod.php(29): call_user_func_array(Array, Array)
#18 /home/vagrant/Code/SayAsThat/vendor/laravel/framework/src/Illuminate/Container/BoundMethod.php(87): Illuminate\Container\BoundMethod::Illuminate\Container\{closure}()
#19 /home/vagrant/Code/SayAsThat/vendor/laravel/framework/src/Illuminate/Container/BoundMethod.php(31): Illuminate\Container\BoundMethod::callBoundMethod(Object(October\Rain\Foundation\Application), Array, Object(Closure))
#20 /home/vagrant/Code/SayAsThat/vendor/laravel/framework/src/Illuminate/Container/Container.php(549): Illuminate\Container\BoundMethod::call(Object(October\Rain\Foundation\Application), Array, Array, NULL)
#21 /home/vagrant/Code/SayAsThat/vendor/laravel/framework/src/Illuminate/Console/Command.php(183): Illuminate\Container\Container->call(Array)
#22 /home/vagrant/Code/SayAsThat/vendor/symfony/console/Command/Command.php(251): Illuminate\Console\Command->execute(Object(Symfony\Component\Console\Input\ArgvInput), Object(Illuminate\Console\OutputStyle))
#23 /home/vagrant/Code/SayAsThat/vendor/laravel/framework/src/Illuminate/Console/Command.php(170): Symfony\Component\Console\Command\Command->run(Object(Symfony\Component\Console\Input\ArgvInput), Object(Illuminate\Console\OutputStyle))
#24 /home/vagrant/Code/SayAsThat/vendor/symfony/console/Application.php(946): Illuminate\Console\Command->run(Object(Symfony\Component\Console\Input\ArgvInput), Object(Symfony\Component\Console\Output\ConsoleOutput))
#25 /home/vagrant/Code/SayAsThat/vendor/symfony/console/Application.php(248): Symfony\Component\Console\Application->doRunCommand(Object(System\Console\OctoberUp), Object(Symfony\Component\Console\Input\ArgvInput), Object(Symfony\Component\Console\Output\ConsoleOutput))
#26 /home/vagrant/Code/SayAsThat/vendor/symfony/console/Application.php(148): Symfony\Component\Console\Application->doRun(Object(Symfony\Component\Console\Input\ArgvInput), Object(Symfony\Component\Console\Output\ConsoleOutput))
#27 /home/vagrant/Code/SayAsThat/vendor/laravel/framework/src/Illuminate/Console/Application.php(88): Symfony\Component\Console\Application->run(Object(Symfony\Component\Console\Input\ArgvInput), Object(Symfony\Component\Console\Output\ConsoleOutput))
#28 /home/vagrant/Code/SayAsThat/vendor/laravel/framework/src/Illuminate/Foundation/Console/Kernel.php(121): Illuminate\Console\Application->run(Object(Symfony\Component\Console\Input\ArgvInput), Object(Symfony\Component\Console\Output\ConsoleOutput))
#29 /home/vagrant/Code/SayAsThat/artisan(35): Illuminate\Foundation\Console\Kernel->handle(Object(Symfony\Component\Console\Input\ArgvInput), Object(Symfony\Component\Console\Output\ConsoleOutput))
#30 {main}

Next Illuminate\Database\QueryException: SQLSTATE[HY000] [1045] Access denied for user ''@'localhost' (using password: NO) (SQL: select * from information_schema.tables where table_schema = homestead and table_name = migrations) in /home/vagrant/Code/SayAsThat/vendor/laravel/framework/src/Illuminate/Database/Connection.php:664
Stack trace:
#0 /home/vagrant/Code/SayAsThat/vendor/laravel/framework/src/Illuminate/Database/Connection.php(624): Illuminate\Database\Connection->runQueryCallback('select * from i...', Array, Object(Closure))
#1 /home/vagrant/Code/SayAsThat/vendor/laravel/framework/src/Illuminate/Database/Connection.php(333): Illuminate\Database\Connection->run('select * from i...', Array, Object(Closure))
#2 /home/vagrant/Code/SayAsThat/vendor/laravel/framework/src/Illuminate/Database/Schema/MySqlBuilder.php(18): Illuminate\Database\Connection->select('select * from i...', Array)
#3 /home/vagrant/Code/SayAsThat/vendor/laravel/framework/src/Illuminate/Support/Facades/Facade.php(221): Illuminate\Database\Schema\MySqlBuilder->hasTable('migrations')
#4 /home/vagrant/Code/SayAsThat/modules/system/Classes/UpdateManager.php(136): Illuminate\Support\Facades\Facade::__callStatic('hasTable', Array)
#5 /home/vagrant/Code/SayAsThat/modules/system/Console/OctoberUp.php(45): System\Classes\UpdateManager->update()
#6 [internal function]: System\Console\OctoberUp->handle()
#7 /home/vagrant/Code/SayAsThat/vendor/laravel/framework/src/Illuminate/Container/BoundMethod.php(29): call_user_func_array(Array, Array)
#8 /home/vagrant/Code/SayAsThat/vendor/laravel/framework/src/Illuminate/Container/BoundMethod.php(87): Illuminate\Container\BoundMethod::Illuminate\Container\{closure}()
#9 /home/vagrant/Code/SayAsThat/vendor/laravel/framework/src/Illuminate/Container/BoundMethod.php(31): Illuminate\Container\BoundMethod::callBoundMethod(Object(October\Rain\Foundation\Application), Array, Object(Closure))
#10 /home/vagrant/Code/SayAsThat/vendor/laravel/framework/src/Illuminate/Container/Container.php(549): Illuminate\Container\BoundMethod::call(Object(October\Rain\Foundation\Application), Array, Array, NULL)
#11 /home/vagrant/Code/SayAsThat/vendor/laravel/framework/src/Illuminate/Console/Command.php(183): Illuminate\Container\Container->call(Array)
#12 /home/vagrant/Code/SayAsThat/vendor/symfony/console/Command/Command.php(251): Illuminate\Console\Command->execute(Object(Symfony\Component\Console\Input\ArgvInput), Object(Illuminate\Console\OutputStyle))
#13 /home/vagrant/Code/SayAsThat/vendor/laravel/framework/src/Illuminate/Console/Command.php(170): Symfony\Component\Console\Command\Command->run(Object(Symfony\Component\Console\Input\ArgvInput), Object(Illuminate\Console\OutputStyle))
#14 /home/vagrant/Code/SayAsThat/vendor/symfony/console/Application.php(946): Illuminate\Console\Command->run(Object(Symfony\Component\Console\Input\ArgvInput), Object(Symfony\Component\Console\Output\ConsoleOutput))
#15 /home/vagrant/Code/SayAsThat/vendor/symfony/console/Application.php(248): Symfony\Component\Console\Application->doRunCommand(Object(System\Console\OctoberUp), Object(Symfony\Component\Console\Input\ArgvInput), Object(Symfony\Component\Console\Output\ConsoleOutput))
#16 /home/vagrant/Code/SayAsThat/vendor/symfony/console/Application.php(148): Symfony\Component\Console\Application->doRun(Object(Symfony\Component\Console\Input\ArgvInput), Object(Symfony\Component\Console\Output\ConsoleOutput))
#17 /home/vagrant/Code/SayAsThat/vendor/laravel/framework/src/Illuminate/Console/Application.php(88): Symfony\Component\Console\Application->run(Object(Symfony\Component\Console\Input\ArgvInput), Object(Symfony\Component\Console\Output\ConsoleOutput))
#18 /home/vagrant/Code/SayAsThat/vendor/laravel/framework/src/Illuminate/Foundation/Console/Kernel.php(121): Illuminate\Console\Application->run(Object(Symfony\Component\Console\Input\ArgvInput), Object(Symfony\Component\Console\Output\ConsoleOutput))
#19 /home/vagrant/Code/SayAsThat/artisan(35): Illuminate\Foundation\Console\Kernel->handle(Object(Symfony\Component\Console\Input\ArgvInput), Object(Symfony\Component\Console\Output\ConsoleOutput))
#20 {main}  
[2018-07-04 14:12:48] development.ERROR: InvalidArgumentException: The "/home/vagrant/Code/SayAsThat/storage/cms/cache" directory does not exist. in /home/vagrant/Code/SayAsThat/vendor/symfony/finder/Finder.php:547
Stack trace:
#0 /home/vagrant/Code/SayAsThat/vendor/laravel/framework/src/Illuminate/Filesystem/Filesystem.php(420): Symfony\Component\Finder\Finder->in('/home/vagrant/C...')
#1 /home/vagrant/Code/SayAsThat/vendor/laravel/framework/src/Illuminate/Support/Facades/Facade.php(221): Illuminate\Filesystem\Filesystem->directories('/home/vagrant/C...')
#2 /home/vagrant/Code/SayAsThat/modules/system/Helpers/Cache.php(49): Illuminate\Support\Facades\Facade::__callStatic('directories', Array)
#3 /home/vagrant/Code/SayAsThat/modules/system/Helpers/Cache.php(25): System\Helpers\Cache->clearCache()
#4 /home/vagrant/Code/SayAsThat/modules/system/Helpers/Cache.php(18): System\Helpers\Cache::clearInternal()
#5 /home/vagrant/Code/SayAsThat/modules/system/Classes/UpdateManager.php(159): System\Helpers\Cache::clear()
#6 /home/vagrant/Code/SayAsThat/modules/system/Console/OctoberUp.php(45): System\Classes\UpdateManager->update()
#7 [internal function]: System\Console\OctoberUp->handle()
#8 /home/vagrant/Code/SayAsThat/vendor/laravel/framework/src/Illuminate/Container/BoundMethod.php(29): call_user_func_array(Array, Array)
#9 /home/vagrant/Code/SayAsThat/vendor/laravel/framework/src/Illuminate/Container/BoundMethod.php(87): Illuminate\Container\BoundMethod::Illuminate\Container\{closure}()
#10 /home/vagrant/Code/SayAsThat/vendor/laravel/framework/src/Illuminate/Container/BoundMethod.php(31): Illuminate\Container\BoundMethod::callBoundMethod(Object(October\Rain\Foundation\Application), Array, Object(Closure))
#11 /home/vagrant/Code/SayAsThat/vendor/laravel/framework/src/Illuminate/Container/Container.php(549): Illuminate\Container\BoundMethod::call(Object(October\Rain\Foundation\Application), Array, Array, NULL)
#12 /home/vagrant/Code/SayAsThat/vendor/laravel/framework/src/Illuminate/Console/Command.php(183): Illuminate\Container\Container->call(Array)
#13 /home/vagrant/Code/SayAsThat/vendor/symfony/console/Command/Command.php(251): Illuminate\Console\Command->execute(Object(Symfony\Component\Console\Input\ArgvInput), Object(Illuminate\Console\OutputStyle))
#14 /home/vagrant/Code/SayAsThat/vendor/laravel/framework/src/Illuminate/Console/Command.php(170): Symfony\Component\Console\Command\Command->run(Object(Symfony\Component\Console\Input\ArgvInput), Object(Illuminate\Console\OutputStyle))
#15 /home/vagrant/Code/SayAsThat/vendor/symfony/console/Application.php(946): Illuminate\Console\Command->run(Object(Symfony\Component\Console\Input\ArgvInput), Object(Symfony\Component\Console\Output\ConsoleOutput))
#16 /home/vagrant/Code/SayAsThat/vendor/symfony/console/Application.php(248): Symfony\Component\Console\Application->doRunCommand(Object(System\Console\OctoberUp), Object(Symfony\Component\Console\Input\ArgvInput), Object(Symfony\Component\Console\Output\ConsoleOutput))
#17 /home/vagrant/Code/SayAsThat/vendor/symfony/console/Application.php(148): Symfony\Component\Console\Application->doRun(Object(Symfony\Component\Console\Input\ArgvInput), Object(Symfony\Component\Console\Output\ConsoleOutput))
#18 /home/vagrant/Code/SayAsThat/vendor/laravel/framework/src/Illuminate/Console/Application.php(88): Symfony\Component\Console\Application->run(Object(Symfony\Component\Console\Input\ArgvInput), Object(Symfony\Component\Console\Output\ConsoleOutput))
#19 /home/vagrant/Code/SayAsThat/vendor/laravel/framework/src/Illuminate/Foundation/Console/Kernel.php(121): Illuminate\Console\Application->run(Object(Symfony\Component\Console\Input\ArgvInput), Object(Symfony\Component\Console\Output\ConsoleOutput))
#20 /home/vagrant/Code/SayAsThat/artisan(35): Illuminate\Foundation\Console\Kernel->handle(Object(Symfony\Component\Console\Input\ArgvInput), Object(Symfony\Component\Console\Output\ConsoleOutput))
#21 {main}  
[2018-07-04 14:13:42] development.ERROR: InvalidArgumentException: The "/home/vagrant/Code/SayAsThat/storage/cms/cache" directory does not exist. in /home/vagrant/Code/SayAsThat/vendor/symfony/finder/Finder.php:547
Stack trace:
#0 /home/vagrant/Code/SayAsThat/vendor/laravel/framework/src/Illuminate/Filesystem/Filesystem.php(420): Symfony\Component\Finder\Finder->in('/home/vagrant/C...')
#1 /home/vagrant/Code/SayAsThat/vendor/laravel/framework/src/Illuminate/Support/Facades/Facade.php(221): Illuminate\Filesystem\Filesystem->directories('/home/vagrant/C...')
#2 /home/vagrant/Code/SayAsThat/modules/system/Helpers/Cache.php(49): Illuminate\Support\Facades\Facade::__callStatic('directories', Array)
#3 /home/vagrant/Code/SayAsThat/modules/system/Helpers/Cache.php(25): System\Helpers\Cache->clearCache()
#4 /home/vagrant/Code/SayAsThat/modules/system/Helpers/Cache.php(18): System\Helpers\Cache::clearInternal()
#5 /home/vagrant/Code/SayAsThat/modules/system/Classes/UpdateManager.php(159): System\Helpers\Cache::clear()
#6 /home/vagrant/Code/SayAsThat/modules/system/Console/OctoberUp.php(45): System\Classes\UpdateManager->update()
#7 [internal function]: System\Console\OctoberUp->handle()
#8 /home/vagrant/Code/SayAsThat/vendor/laravel/framework/src/Illuminate/Container/BoundMethod.php(29): call_user_func_array(Array, Array)
#9 /home/vagrant/Code/SayAsThat/vendor/laravel/framework/src/Illuminate/Container/BoundMethod.php(87): Illuminate\Container\BoundMethod::Illuminate\Container\{closure}()
#10 /home/vagrant/Code/SayAsThat/vendor/laravel/framework/src/Illuminate/Container/BoundMethod.php(31): Illuminate\Container\BoundMethod::callBoundMethod(Object(October\Rain\Foundation\Application), Array, Object(Closure))
#11 /home/vagrant/Code/SayAsThat/vendor/laravel/framework/src/Illuminate/Container/Container.php(549): Illuminate\Container\BoundMethod::call(Object(October\Rain\Foundation\Application), Array, Array, NULL)
#12 /home/vagrant/Code/SayAsThat/vendor/laravel/framework/src/Illuminate/Console/Command.php(183): Illuminate\Container\Container->call(Array)
#13 /home/vagrant/Code/SayAsThat/vendor/symfony/console/Command/Command.php(251): Illuminate\Console\Command->execute(Object(Symfony\Component\Console\Input\ArgvInput), Object(Illuminate\Console\OutputStyle))
#14 /home/vagrant/Code/SayAsThat/vendor/laravel/framework/src/Illuminate/Console/Command.php(170): Symfony\Component\Console\Command\Command->run(Object(Symfony\Component\Console\Input\ArgvInput), Object(Illuminate\Console\OutputStyle))
#15 /home/vagrant/Code/SayAsThat/vendor/symfony/console/Application.php(946): Illuminate\Console\Command->run(Object(Symfony\Component\Console\Input\ArgvInput), Object(Symfony\Component\Console\Output\ConsoleOutput))
#16 /home/vagrant/Code/SayAsThat/vendor/symfony/console/Application.php(248): Symfony\Component\Console\Application->doRunCommand(Object(System\Console\OctoberUp), Object(Symfony\Component\Console\Input\ArgvInput), Object(Symfony\Component\Console\Output\ConsoleOutput))
#17 /home/vagrant/Code/SayAsThat/vendor/symfony/console/Application.php(148): Symfony\Component\Console\Application->doRun(Object(Symfony\Component\Console\Input\ArgvInput), Object(Symfony\Component\Console\Output\ConsoleOutput))
#18 /home/vagrant/Code/SayAsThat/vendor/laravel/framework/src/Illuminate/Console/Application.php(88): Symfony\Component\Console\Application->run(Object(Symfony\Component\Console\Input\ArgvInput), Object(Symfony\Component\Console\Output\ConsoleOutput))
#19 /home/vagrant/Code/SayAsThat/vendor/laravel/framework/src/Illuminate/Foundation/Console/Kernel.php(121): Illuminate\Console\Application->run(Object(Symfony\Component\Console\Input\ArgvInput), Object(Symfony\Component\Console\Output\ConsoleOutput))
#20 /home/vagrant/Code/SayAsThat/artisan(35): Illuminate\Foundation\Console\Kernel->handle(Object(Symfony\Component\Console\Input\ArgvInput), Object(Symfony\Component\Console\Output\ConsoleOutput))
#21 {main}  
[2018-07-04 14:14:09] development.ERROR: InvalidArgumentException: The "/home/vagrant/Code/SayAsThat/storage/cms/twig" directory does not exist. in /home/vagrant/Code/SayAsThat/vendor/symfony/finder/Finder.php:547
Stack trace:
#0 /home/vagrant/Code/SayAsThat/vendor/laravel/framework/src/Illuminate/Filesystem/Filesystem.php(420): Symfony\Component\Finder\Finder->in('/home/vagrant/C...')
#1 /home/vagrant/Code/SayAsThat/vendor/laravel/framework/src/Illuminate/Support/Facades/Facade.php(221): Illuminate\Filesystem\Filesystem->directories('/home/vagrant/C...')
#2 /home/vagrant/Code/SayAsThat/modules/system/Helpers/Cache.php(59): Illuminate\Support\Facades\Facade::__callStatic('directories', Array)
#3 /home/vagrant/Code/SayAsThat/modules/system/Helpers/Cache.php(28): System\Helpers\Cache->clearTwig()
#4 /home/vagrant/Code/SayAsThat/modules/system/Helpers/Cache.php(18): System\Helpers\Cache::clearInternal()
#5 /home/vagrant/Code/SayAsThat/modules/system/Classes/UpdateManager.php(159): System\Helpers\Cache::clear()
#6 /home/vagrant/Code/SayAsThat/modules/system/Console/OctoberUp.php(45): System\Classes\UpdateManager->update()
#7 [internal function]: System\Console\OctoberUp->handle()
#8 /home/vagrant/Code/SayAsThat/vendor/laravel/framework/src/Illuminate/Container/BoundMethod.php(29): call_user_func_array(Array, Array)
#9 /home/vagrant/Code/SayAsThat/vendor/laravel/framework/src/Illuminate/Container/BoundMethod.php(87): Illuminate\Container\BoundMethod::Illuminate\Container\{closure}()
#10 /home/vagrant/Code/SayAsThat/vendor/laravel/framework/src/Illuminate/Container/BoundMethod.php(31): Illuminate\Container\BoundMethod::callBoundMethod(Object(October\Rain\Foundation\Application), Array, Object(Closure))
#11 /home/vagrant/Code/SayAsThat/vendor/laravel/framework/src/Illuminate/Container/Container.php(549): Illuminate\Container\BoundMethod::call(Object(October\Rain\Foundation\Application), Array, Array, NULL)
#12 /home/vagrant/Code/SayAsThat/vendor/laravel/framework/src/Illuminate/Console/Command.php(183): Illuminate\Container\Container->call(Array)
#13 /home/vagrant/Code/SayAsThat/vendor/symfony/console/Command/Command.php(251): Illuminate\Console\Command->execute(Object(Symfony\Component\Console\Input\ArgvInput), Object(Illuminate\Console\OutputStyle))
#14 /home/vagrant/Code/SayAsThat/vendor/laravel/framework/src/Illuminate/Console/Command.php(170): Symfony\Component\Console\Command\Command->run(Object(Symfony\Component\Console\Input\ArgvInput), Object(Illuminate\Console\OutputStyle))
#15 /home/vagrant/Code/SayAsThat/vendor/symfony/console/Application.php(946): Illuminate\Console\Command->run(Object(Symfony\Component\Console\Input\ArgvInput), Object(Symfony\Component\Console\Output\ConsoleOutput))
#16 /home/vagrant/Code/SayAsThat/vendor/symfony/console/Application.php(248): Symfony\Component\Console\Application->doRunCommand(Object(System\Console\OctoberUp), Object(Symfony\Component\Console\Input\ArgvInput), Object(Symfony\Component\Console\Output\ConsoleOutput))
#17 /home/vagrant/Code/SayAsThat/vendor/symfony/console/Application.php(148): Symfony\Component\Console\Application->doRun(Object(Symfony\Component\Console\Input\ArgvInput), Object(Symfony\Component\Console\Output\ConsoleOutput))
#18 /home/vagrant/Code/SayAsThat/vendor/laravel/framework/src/Illuminate/Console/Application.php(88): Symfony\Component\Console\Application->run(Object(Symfony\Component\Console\Input\ArgvInput), Object(Symfony\Component\Console\Output\ConsoleOutput))
#19 /home/vagrant/Code/SayAsThat/vendor/laravel/framework/src/Illuminate/Foundation/Console/Kernel.php(121): Illuminate\Console\Application->run(Object(Symfony\Component\Console\Input\ArgvInput), Object(Symfony\Component\Console\Output\ConsoleOutput))
#20 /home/vagrant/Code/SayAsThat/artisan(35): Illuminate\Foundation\Console\Kernel->handle(Object(Symfony\Component\Console\Input\ArgvInput), Object(Symfony\Component\Console\Output\ConsoleOutput))
#21 {main}  
[2018-07-04 14:17:53] development.ERROR: Cms\Classes\CmsException: The active theme is not found. in /home/vagrant/Code/SayAsThat/modules/cms/Classes/Controller.php:126
Stack trace:
#0 [internal function]: Cms\Classes\Controller->__construct(NULL)
#1 /home/vagrant/Code/SayAsThat/vendor/laravel/framework/src/Illuminate/Container/Container.php(785): ReflectionClass->newInstanceArgs(Array)
#2 /home/vagrant/Code/SayAsThat/vendor/laravel/framework/src/Illuminate/Container/Container.php(631): Illuminate\Container\Container->build('Cms\\Classes\\Con...')
#3 /home/vagrant/Code/SayAsThat/vendor/laravel/framework/src/Illuminate/Container/Container.php(586): Illuminate\Container\Container->resolve('Cms\\Classes\\Con...', Array)
#4 /home/vagrant/Code/SayAsThat/vendor/laravel/framework/src/Illuminate/Foundation/Application.php(732): Illuminate\Container\Container->make('Cms\\Classes\\Con...', Array)
#5 /home/vagrant/Code/SayAsThat/vendor/october/rain/src/Foundation/Application.php(162): Illuminate\Foundation\Application->make('Cms\\Classes\\Con...')
#6 /home/vagrant/Code/SayAsThat/vendor/laravel/framework/src/Illuminate/Support/Facades/Facade.php(221): October\Rain\Foundation\Application->make('Cms\\Classes\\Con...')
#7 /home/vagrant/Code/SayAsThat/modules/cms/Classes/CmsController.php(50): Illuminate\Support\Facades\Facade::__callStatic('make', Array)
#8 [internal function]: Cms\Classes\CmsController->run('/')
#9 /home/vagrant/Code/SayAsThat/vendor/laravel/framework/src/Illuminate/Routing/Controller.php(54): call_user_func_array(Array, Array)
#10 /home/vagrant/Code/SayAsThat/vendor/laravel/framework/src/Illuminate/Routing/ControllerDispatcher.php(45): Illuminate\Routing\Controller->callAction('run', Array)
#11 /home/vagrant/Code/SayAsThat/vendor/laravel/framework/src/Illuminate/Routing/Route.php(212): Illuminate\Routing\ControllerDispatcher->dispatch(Object(Illuminate\Routing\Route), Object(Cms\Classes\CmsController), 'run')
#12 /home/vagrant/Code/SayAsThat/vendor/laravel/framework/src/Illuminate/Routing/Route.php(169): Illuminate\Routing\Route->runController()
#13 /home/vagrant/Code/SayAsThat/vendor/laravel/framework/src/Illuminate/Routing/Router.php(658): Illuminate\Routing\Route->run()
#14 /home/vagrant/Code/SayAsThat/vendor/laravel/framework/src/Illuminate/Routing/Pipeline.php(30): Illuminate\Routing\Router->Illuminate\Routing\{closure}(Object(Illuminate\Http\Request))
#15 /home/vagrant/Code/SayAsThat/vendor/laravel/framework/src/Illuminate/Routing/Middleware/SubstituteBindings.php(41): Illuminate\Routing\Pipeline->Illuminate\Routing\{closure}(Object(Illuminate\Http\Request))
#16 /home/vagrant/Code/SayAsThat/vendor/laravel/framework/src/Illuminate/Pipeline/Pipeline.php(149): Illuminate\Routing\Middleware\SubstituteBindings->handle(Object(Illuminate\Http\Request), Object(Closure))
#17 /home/vagrant/Code/SayAsThat/vendor/laravel/framework/src/Illuminate/Routing/Pipeline.php(53): Illuminate\Pipeline\Pipeline->Illuminate\Pipeline\{closure}(Object(Illuminate\Http\Request))
#18 /home/vagrant/Code/SayAsThat/vendor/laravel/framework/src/Illuminate/View/Middleware/ShareErrorsFromSession.php(49): Illuminate\Routing\Pipeline->Illuminate\Routing\{closure}(Object(Illuminate\Http\Request))
#19 /home/vagrant/Code/SayAsThat/vendor/laravel/framework/src/Illuminate/Pipeline/Pipeline.php(149): Illuminate\View\Middleware\ShareErrorsFromSession->handle(Object(Illuminate\Http\Request), Object(Closure))
#20 /home/vagrant/Code/SayAsThat/vendor/laravel/framework/src/Illuminate/Routing/Pipeline.php(53): Illuminate\Pipeline\Pipeline->Illuminate\Pipeline\{closure}(Object(Illuminate\Http\Request))
#21 /home/vagrant/Code/SayAsThat/vendor/laravel/framework/src/Illuminate/Session/Middleware/StartSession.php(63): Illuminate\Routing\Pipeline->Illuminate\Routing\{closure}(Object(Illuminate\Http\Request))
#22 /home/vagrant/Code/SayAsThat/vendor/laravel/framework/src/Illuminate/Pipeline/Pipeline.php(149): Illuminate\Session\Middleware\StartSession->handle(Object(Illuminate\Http\Request), Object(Closure))
#23 /home/vagrant/Code/SayAsThat/vendor/laravel/framework/src/Illuminate/Routing/Pipeline.php(53): Illuminate\Pipeline\Pipeline->Illuminate\Pipeline\{closure}(Object(Illuminate\Http\Request))
#24 /home/vagrant/Code/SayAsThat/vendor/laravel/framework/src/Illuminate/Cookie/Middleware/AddQueuedCookiesToResponse.php(37): Illuminate\Routing\Pipeline->Illuminate\Routing\{closure}(Object(Illuminate\Http\Request))
#25 /home/vagrant/Code/SayAsThat/vendor/laravel/framework/src/Illuminate/Pipeline/Pipeline.php(149): Illuminate\Cookie\Middleware\AddQueuedCookiesToResponse->handle(Object(Illuminate\Http\Request), Object(Closure))
#26 /home/vagrant/Code/SayAsThat/vendor/laravel/framework/src/Illuminate/Routing/Pipeline.php(53): Illuminate\Pipeline\Pipeline->Illuminate\Pipeline\{closure}(Object(Illuminate\Http\Request))
#27 /home/vagrant/Code/SayAsThat/vendor/laravel/framework/src/Illuminate/Cookie/Middleware/EncryptCookies.php(59): Illuminate\Routing\Pipeline->Illuminate\Routing\{closure}(Object(Illuminate\Http\Request))
#28 /home/vagrant/Code/SayAsThat/vendor/laravel/framework/src/Illuminate/Pipeline/Pipeline.php(149): Illuminate\Cookie\Middleware\EncryptCookies->handle(Object(Illuminate\Http\Request), Object(Closure))
#29 /home/vagrant/Code/SayAsThat/vendor/laravel/framework/src/Illuminate/Routing/Pipeline.php(53): Illuminate\Pipeline\Pipeline->Illuminate\Pipeline\{closure}(Object(Illuminate\Http\Request))
#30 /home/vagrant/Code/SayAsThat/vendor/laravel/framework/src/Illuminate/Pipeline/Pipeline.php(102): Illuminate\Routing\Pipeline->Illuminate\Routing\{closure}(Object(Illuminate\Http\Request))
#31 /home/vagrant/Code/SayAsThat/vendor/laravel/framework/src/Illuminate/Routing/Router.php(660): Illuminate\Pipeline\Pipeline->then(Object(Closure))
#32 /home/vagrant/Code/SayAsThat/vendor/laravel/framework/src/Illuminate/Routing/Router.php(635): Illuminate\Routing\Router->runRouteWithinStack(Object(Illuminate\Routing\Route), Object(Illuminate\Http\Request))
#33 /home/vagrant/Code/SayAsThat/vendor/laravel/framework/src/Illuminate/Routing/Router.php(601): Illuminate\Routing\Router->runRoute(Object(Illuminate\Http\Request), Object(Illuminate\Routing\Route))
#34 /home/vagrant/Code/SayAsThat/vendor/october/rain/src/Router/CoreRouter.php(20): Illuminate\Routing\Router->dispatchToRoute(Object(Illuminate\Http\Request))
#35 /home/vagrant/Code/SayAsThat/vendor/laravel/framework/src/Illuminate/Foundation/Http/Kernel.php(176): October\Rain\Router\CoreRouter->dispatch(Object(Illuminate\Http\Request))
#36 /home/vagrant/Code/SayAsThat/vendor/laravel/framework/src/Illuminate/Routing/Pipeline.php(30): Illuminate\Foundation\Http\Kernel->Illuminate\Foundation\Http\{closure}(Object(Illuminate\Http\Request))
#37 /home/vagrant/Code/SayAsThat/vendor/laravel/framework/src/Illuminate/Foundation/Http/Middleware/CheckForMaintenanceMode.php(46): Illuminate\Routing\Pipeline->Illuminate\Routing\{closure}(Object(Illuminate\Http\Request))
#38 /home/vagrant/Code/SayAsThat/vendor/laravel/framework/src/Illuminate/Pipeline/Pipeline.php(149): Illuminate\Foundation\Http\Middleware\CheckForMaintenanceMode->handle(Object(Illuminate\Http\Request), Object(Closure))
#39 /home/vagrant/Code/SayAsThat/vendor/laravel/framework/src/Illuminate/Routing/Pipeline.php(53): Illuminate\Pipeline\Pipeline->Illuminate\Pipeline\{closure}(Object(Illuminate\Http\Request))
#40 /home/vagrant/Code/SayAsThat/vendor/laravel/framework/src/Illuminate/Pipeline/Pipeline.php(102): Illuminate\Routing\Pipeline->Illuminate\Routing\{closure}(Object(Illuminate\Http\Request))
#41 /home/vagrant/Code/SayAsThat/vendor/laravel/framework/src/Illuminate/Foundation/Http/Kernel.php(151): Illuminate\Pipeline\Pipeline->then(Object(Closure))
#42 /home/vagrant/Code/SayAsThat/vendor/laravel/framework/src/Illuminate/Foundation/Http/Kernel.php(116): Illuminate\Foundation\Http\Kernel->sendRequestThroughRouter(Object(Illuminate\Http\Request))
#43 /home/vagrant/Code/SayAsThat/index.php(43): Illuminate\Foundation\Http\Kernel->handle(Object(Illuminate\Http\Request))
#44 {main}  
[2018-07-04 14:19:02] development.ERROR: Cms\Classes\CmsException: The active theme is not found. in /home/vagrant/Code/SayAsThat/modules/cms/Classes/Controller.php:126
Stack trace:
#0 [internal function]: Cms\Classes\Controller->__construct(NULL)
#1 /home/vagrant/Code/SayAsThat/vendor/laravel/framework/src/Illuminate/Container/Container.php(785): ReflectionClass->newInstanceArgs(Array)
#2 /home/vagrant/Code/SayAsThat/vendor/laravel/framework/src/Illuminate/Container/Container.php(631): Illuminate\Container\Container->build('Cms\\Classes\\Con...')
#3 /home/vagrant/Code/SayAsThat/vendor/laravel/framework/src/Illuminate/Container/Container.php(586): Illuminate\Container\Container->resolve('Cms\\Classes\\Con...', Array)
#4 /home/vagrant/Code/SayAsThat/vendor/laravel/framework/src/Illuminate/Foundation/Application.php(732): Illuminate\Container\Container->make('Cms\\Classes\\Con...', Array)
#5 /home/vagrant/Code/SayAsThat/vendor/october/rain/src/Foundation/Application.php(162): Illuminate\Foundation\Application->make('Cms\\Classes\\Con...')
#6 /home/vagrant/Code/SayAsThat/vendor/laravel/framework/src/Illuminate/Support/Facades/Facade.php(221): October\Rain\Foundation\Application->make('Cms\\Classes\\Con...')
#7 /home/vagrant/Code/SayAsThat/modules/cms/Classes/CmsController.php(50): Illuminate\Support\Facades\Facade::__callStatic('make', Array)
#8 [internal function]: Cms\Classes\CmsController->run('/')
#9 /home/vagrant/Code/SayAsThat/vendor/laravel/framework/src/Illuminate/Routing/Controller.php(54): call_user_func_array(Array, Array)
#10 /home/vagrant/Code/SayAsThat/vendor/laravel/framework/src/Illuminate/Routing/ControllerDispatcher.php(45): Illuminate\Routing\Controller->callAction('run', Array)
#11 /home/vagrant/Code/SayAsThat/vendor/laravel/framework/src/Illuminate/Routing/Route.php(212): Illuminate\Routing\ControllerDispatcher->dispatch(Object(Illuminate\Routing\Route), Object(Cms\Classes\CmsController), 'run')
#12 /home/vagrant/Code/SayAsThat/vendor/laravel/framework/src/Illuminate/Routing/Route.php(169): Illuminate\Routing\Route->runController()
#13 /home/vagrant/Code/SayAsThat/vendor/laravel/framework/src/Illuminate/Routing/Router.php(658): Illuminate\Routing\Route->run()
#14 /home/vagrant/Code/SayAsThat/vendor/laravel/framework/src/Illuminate/Routing/Pipeline.php(30): Illuminate\Routing\Router->Illuminate\Routing\{closure}(Object(Illuminate\Http\Request))
#15 /home/vagrant/Code/SayAsThat/vendor/laravel/framework/src/Illuminate/Routing/Middleware/SubstituteBindings.php(41): Illuminate\Routing\Pipeline->Illuminate\Routing\{closure}(Object(Illuminate\Http\Request))
#16 /home/vagrant/Code/SayAsThat/vendor/laravel/framework/src/Illuminate/Pipeline/Pipeline.php(149): Illuminate\Routing\Middleware\SubstituteBindings->handle(Object(Illuminate\Http\Request), Object(Closure))
#17 /home/vagrant/Code/SayAsThat/vendor/laravel/framework/src/Illuminate/Routing/Pipeline.php(53): Illuminate\Pipeline\Pipeline->Illuminate\Pipeline\{closure}(Object(Illuminate\Http\Request))
#18 /home/vagrant/Code/SayAsThat/vendor/laravel/framework/src/Illuminate/View/Middleware/ShareErrorsFromSession.php(49): Illuminate\Routing\Pipeline->Illuminate\Routing\{closure}(Object(Illuminate\Http\Request))
#19 /home/vagrant/Code/SayAsThat/vendor/laravel/framework/src/Illuminate/Pipeline/Pipeline.php(149): Illuminate\View\Middleware\ShareErrorsFromSession->handle(Object(Illuminate\Http\Request), Object(Closure))
#20 /home/vagrant/Code/SayAsThat/vendor/laravel/framework/src/Illuminate/Routing/Pipeline.php(53): Illuminate\Pipeline\Pipeline->Illuminate\Pipeline\{closure}(Object(Illuminate\Http\Request))
#21 /home/vagrant/Code/SayAsThat/vendor/laravel/framework/src/Illuminate/Session/Middleware/StartSession.php(63): Illuminate\Routing\Pipeline->Illuminate\Routing\{closure}(Object(Illuminate\Http\Request))
#22 /home/vagrant/Code/SayAsThat/vendor/laravel/framework/src/Illuminate/Pipeline/Pipeline.php(149): Illuminate\Session\Middleware\StartSession->handle(Object(Illuminate\Http\Request), Object(Closure))
#23 /home/vagrant/Code/SayAsThat/vendor/laravel/framework/src/Illuminate/Routing/Pipeline.php(53): Illuminate\Pipeline\Pipeline->Illuminate\Pipeline\{closure}(Object(Illuminate\Http\Request))
#24 /home/vagrant/Code/SayAsThat/vendor/laravel/framework/src/Illuminate/Cookie/Middleware/AddQueuedCookiesToResponse.php(37): Illuminate\Routing\Pipeline->Illuminate\Routing\{closure}(Object(Illuminate\Http\Request))
#25 /home/vagrant/Code/SayAsThat/vendor/laravel/framework/src/Illuminate/Pipeline/Pipeline.php(149): Illuminate\Cookie\Middleware\AddQueuedCookiesToResponse->handle(Object(Illuminate\Http\Request), Object(Closure))
#26 /home/vagrant/Code/SayAsThat/vendor/laravel/framework/src/Illuminate/Routing/Pipeline.php(53): Illuminate\Pipeline\Pipeline->Illuminate\Pipeline\{closure}(Object(Illuminate\Http\Request))
#27 /home/vagrant/Code/SayAsThat/vendor/laravel/framework/src/Illuminate/Cookie/Middleware/EncryptCookies.php(59): Illuminate\Routing\Pipeline->Illuminate\Routing\{closure}(Object(Illuminate\Http\Request))
#28 /home/vagrant/Code/SayAsThat/vendor/laravel/framework/src/Illuminate/Pipeline/Pipeline.php(149): Illuminate\Cookie\Middleware\EncryptCookies->handle(Object(Illuminate\Http\Request), Object(Closure))
#29 /home/vagrant/Code/SayAsThat/vendor/laravel/framework/src/Illuminate/Routing/Pipeline.php(53): Illuminate\Pipeline\Pipeline->Illuminate\Pipeline\{closure}(Object(Illuminate\Http\Request))
#30 /home/vagrant/Code/SayAsThat/vendor/laravel/framework/src/Illuminate/Pipeline/Pipeline.php(102): Illuminate\Routing\Pipeline->Illuminate\Routing\{closure}(Object(Illuminate\Http\Request))
#31 /home/vagrant/Code/SayAsThat/vendor/laravel/framework/src/Illuminate/Routing/Router.php(660): Illuminate\Pipeline\Pipeline->then(Object(Closure))
#32 /home/vagrant/Code/SayAsThat/vendor/laravel/framework/src/Illuminate/Routing/Router.php(635): Illuminate\Routing\Router->runRouteWithinStack(Object(Illuminate\Routing\Route), Object(Illuminate\Http\Request))
#33 /home/vagrant/Code/SayAsThat/vendor/laravel/framework/src/Illuminate/Routing/Router.php(601): Illuminate\Routing\Router->runRoute(Object(Illuminate\Http\Request), Object(Illuminate\Routing\Route))
#34 /home/vagrant/Code/SayAsThat/vendor/october/rain/src/Router/CoreRouter.php(20): Illuminate\Routing\Router->dispatchToRoute(Object(Illuminate\Http\Request))
#35 /home/vagrant/Code/SayAsThat/vendor/laravel/framework/src/Illuminate/Foundation/Http/Kernel.php(176): October\Rain\Router\CoreRouter->dispatch(Object(Illuminate\Http\Request))
#36 /home/vagrant/Code/SayAsThat/vendor/laravel/framework/src/Illuminate/Routing/Pipeline.php(30): Illuminate\Foundation\Http\Kernel->Illuminate\Foundation\Http\{closure}(Object(Illuminate\Http\Request))
#37 /home/vagrant/Code/SayAsThat/vendor/laravel/framework/src/Illuminate/Foundation/Http/Middleware/CheckForMaintenanceMode.php(46): Illuminate\Routing\Pipeline->Illuminate\Routing\{closure}(Object(Illuminate\Http\Request))
#38 /home/vagrant/Code/SayAsThat/vendor/laravel/framework/src/Illuminate/Pipeline/Pipeline.php(149): Illuminate\Foundation\Http\Middleware\CheckForMaintenanceMode->handle(Object(Illuminate\Http\Request), Object(Closure))
#39 /home/vagrant/Code/SayAsThat/vendor/laravel/framework/src/Illuminate/Routing/Pipeline.php(53): Illuminate\Pipeline\Pipeline->Illuminate\Pipeline\{closure}(Object(Illuminate\Http\Request))
#40 /home/vagrant/Code/SayAsThat/vendor/laravel/framework/src/Illuminate/Pipeline/Pipeline.php(102): Illuminate\Routing\Pipeline->Illuminate\Routing\{closure}(Object(Illuminate\Http\Request))
#41 /home/vagrant/Code/SayAsThat/vendor/laravel/framework/src/Illuminate/Foundation/Http/Kernel.php(151): Illuminate\Pipeline\Pipeline->then(Object(Closure))
#42 /home/vagrant/Code/SayAsThat/vendor/laravel/framework/src/Illuminate/Foundation/Http/Kernel.php(116): Illuminate\Foundation\Http\Kernel->sendRequestThroughRouter(Object(Illuminate\Http\Request))
#43 /home/vagrant/Code/SayAsThat/index.php(43): Illuminate\Foundation\Http\Kernel->handle(Object(Illuminate\Http\Request))
#44 {main}  
[2018-07-06 06:23:07] development.ERROR: Twig_Error_Syntax: Unexpected "}" in "/home/vagrant/Code/SayAsThat/themes/responsiv-clean/layouts/detail.htm" at line 15. in /home/vagrant/Code/SayAsThat/vendor/twig/twig/lib/Twig/Lexer.php:245
Stack trace:
#0 /home/vagrant/Code/SayAsThat/vendor/twig/twig/lib/Twig/Lexer.php(191): Twig_Lexer->lexExpression()
#1 /home/vagrant/Code/SayAsThat/vendor/twig/twig/lib/Twig/Lexer.php(101): Twig_Lexer->lexBlock()
#2 /home/vagrant/Code/SayAsThat/vendor/twig/twig/lib/Twig/Environment.php(512): Twig_Lexer->tokenize(Object(Twig_Source))
#3 /home/vagrant/Code/SayAsThat/vendor/twig/twig/lib/Twig/Environment.php(565): Twig_Environment->tokenize(Object(Twig_Source))
#4 /home/vagrant/Code/SayAsThat/vendor/twig/twig/lib/Twig/Environment.php(368): Twig_Environment->compileSource(Object(Twig_Source))
#5 /home/vagrant/Code/SayAsThat/modules/cms/Classes/Controller.php(374): Twig_Environment->loadTemplate('/home/vagrant/C...')
#6 /home/vagrant/Code/SayAsThat/modules/cms/Classes/Controller.php(211): Cms\Classes\Controller->runPage(Object(Cms\Classes\Page))
#7 /home/vagrant/Code/SayAsThat/modules/cms/Classes/CmsController.php(50): Cms\Classes\Controller->run('activity/huaju')
#8 [internal function]: Cms\Classes\CmsController->run('activity/huaju')
#9 /home/vagrant/Code/SayAsThat/vendor/laravel/framework/src/Illuminate/Routing/Controller.php(54): call_user_func_array(Array, Array)
#10 /home/vagrant/Code/SayAsThat/vendor/laravel/framework/src/Illuminate/Routing/ControllerDispatcher.php(45): Illuminate\Routing\Controller->callAction('run', Array)
#11 /home/vagrant/Code/SayAsThat/vendor/laravel/framework/src/Illuminate/Routing/Route.php(212): Illuminate\Routing\ControllerDispatcher->dispatch(Object(Illuminate\Routing\Route), Object(Cms\Classes\CmsController), 'run')
#12 /home/vagrant/Code/SayAsThat/vendor/laravel/framework/src/Illuminate/Routing/Route.php(169): Illuminate\Routing\Route->runController()
#13 /home/vagrant/Code/SayAsThat/vendor/laravel/framework/src/Illuminate/Routing/Router.php(658): Illuminate\Routing\Route->run()
#14 /home/vagrant/Code/SayAsThat/vendor/laravel/framework/src/Illuminate/Routing/Pipeline.php(30): Illuminate\Routing\Router->Illuminate\Routing\{closure}(Object(Illuminate\Http\Request))
#15 /home/vagrant/Code/SayAsThat/vendor/laravel/framework/src/Illuminate/Routing/Middleware/SubstituteBindings.php(41): Illuminate\Routing\Pipeline->Illuminate\Routing\{closure}(Object(Illuminate\Http\Request))
#16 /home/vagrant/Code/SayAsThat/vendor/laravel/framework/src/Illuminate/Pipeline/Pipeline.php(149): Illuminate\Routing\Middleware\SubstituteBindings->handle(Object(Illuminate\Http\Request), Object(Closure))
#17 /home/vagrant/Code/SayAsThat/vendor/laravel/framework/src/Illuminate/Routing/Pipeline.php(53): Illuminate\Pipeline\Pipeline->Illuminate\Pipeline\{closure}(Object(Illuminate\Http\Request))
#18 /home/vagrant/Code/SayAsThat/vendor/laravel/framework/src/Illuminate/View/Middleware/ShareErrorsFromSession.php(49): Illuminate\Routing\Pipeline->Illuminate\Routing\{closure}(Object(Illuminate\Http\Request))
#19 /home/vagrant/Code/SayAsThat/vendor/laravel/framework/src/Illuminate/Pipeline/Pipeline.php(149): Illuminate\View\Middleware\ShareErrorsFromSession->handle(Object(Illuminate\Http\Request), Object(Closure))
#20 /home/vagrant/Code/SayAsThat/vendor/laravel/framework/src/Illuminate/Routing/Pipeline.php(53): Illuminate\Pipeline\Pipeline->Illuminate\Pipeline\{closure}(Object(Illuminate\Http\Request))
#21 /home/vagrant/Code/SayAsThat/vendor/laravel/framework/src/Illuminate/Session/Middleware/StartSession.php(63): Illuminate\Routing\Pipeline->Illuminate\Routing\{closure}(Object(Illuminate\Http\Request))
#22 /home/vagrant/Code/SayAsThat/vendor/laravel/framework/src/Illuminate/Pipeline/Pipeline.php(149): Illuminate\Session\Middleware\StartSession->handle(Object(Illuminate\Http\Request), Object(Closure))
#23 /home/vagrant/Code/SayAsThat/vendor/laravel/framework/src/Illuminate/Routing/Pipeline.php(53): Illuminate\Pipeline\Pipeline->Illuminate\Pipeline\{closure}(Object(Illuminate\Http\Request))
#24 /home/vagrant/Code/SayAsThat/vendor/laravel/framework/src/Illuminate/Cookie/Middleware/AddQueuedCookiesToResponse.php(37): Illuminate\Routing\Pipeline->Illuminate\Routing\{closure}(Object(Illuminate\Http\Request))
#25 /home/vagrant/Code/SayAsThat/vendor/laravel/framework/src/Illuminate/Pipeline/Pipeline.php(149): Illuminate\Cookie\Middleware\AddQueuedCookiesToResponse->handle(Object(Illuminate\Http\Request), Object(Closure))
#26 /home/vagrant/Code/SayAsThat/vendor/laravel/framework/src/Illuminate/Routing/Pipeline.php(53): Illuminate\Pipeline\Pipeline->Illuminate\Pipeline\{closure}(Object(Illuminate\Http\Request))
#27 /home/vagrant/Code/SayAsThat/vendor/laravel/framework/src/Illuminate/Cookie/Middleware/EncryptCookies.php(59): Illuminate\Routing\Pipeline->Illuminate\Routing\{closure}(Object(Illuminate\Http\Request))
#28 /home/vagrant/Code/SayAsThat/vendor/laravel/framework/src/Illuminate/Pipeline/Pipeline.php(149): Illuminate\Cookie\Middleware\EncryptCookies->handle(Object(Illuminate\Http\Request), Object(Closure))
#29 /home/vagrant/Code/SayAsThat/vendor/laravel/framework/src/Illuminate/Routing/Pipeline.php(53): Illuminate\Pipeline\Pipeline->Illuminate\Pipeline\{closure}(Object(Illuminate\Http\Request))
#30 /home/vagrant/Code/SayAsThat/vendor/laravel/framework/src/Illuminate/Pipeline/Pipeline.php(102): Illuminate\Routing\Pipeline->Illuminate\Routing\{closure}(Object(Illuminate\Http\Request))
#31 /home/vagrant/Code/SayAsThat/vendor/laravel/framework/src/Illuminate/Routing/Router.php(660): Illuminate\Pipeline\Pipeline->then(Object(Closure))
#32 /home/vagrant/Code/SayAsThat/vendor/laravel/framework/src/Illuminate/Routing/Router.php(635): Illuminate\Routing\Router->runRouteWithinStack(Object(Illuminate\Routing\Route), Object(Illuminate\Http\Request))
#33 /home/vagrant/Code/SayAsThat/vendor/laravel/framework/src/Illuminate/Routing/Router.php(601): Illuminate\Routing\Router->runRoute(Object(Illuminate\Http\Request), Object(Illuminate\Routing\Route))
#34 /home/vagrant/Code/SayAsThat/vendor/october/rain/src/Router/CoreRouter.php(20): Illuminate\Routing\Router->dispatchToRoute(Object(Illuminate\Http\Request))
#35 /home/vagrant/Code/SayAsThat/vendor/laravel/framework/src/Illuminate/Foundation/Http/Kernel.php(176): October\Rain\Router\CoreRouter->dispatch(Object(Illuminate\Http\Request))
#36 /home/vagrant/Code/SayAsThat/vendor/laravel/framework/src/Illuminate/Routing/Pipeline.php(30): Illuminate\Foundation\Http\Kernel->Illuminate\Foundation\Http\{closure}(Object(Illuminate\Http\Request))
#37 /home/vagrant/Code/SayAsThat/vendor/laravel/framework/src/Illuminate/Foundation/Http/Middleware/CheckForMaintenanceMode.php(46): Illuminate\Routing\Pipeline->Illuminate\Routing\{closure}(Object(Illuminate\Http\Request))
#38 /home/vagrant/Code/SayAsThat/vendor/laravel/framework/src/Illuminate/Pipeline/Pipeline.php(149): Illuminate\Foundation\Http\Middleware\CheckForMaintenanceMode->handle(Object(Illuminate\Http\Request), Object(Closure))
#39 /home/vagrant/Code/SayAsThat/vendor/laravel/framework/src/Illuminate/Routing/Pipeline.php(53): Illuminate\Pipeline\Pipeline->Illuminate\Pipeline\{closure}(Object(Illuminate\Http\Request))
#40 /home/vagrant/Code/SayAsThat/vendor/laravel/framework/src/Illuminate/Pipeline/Pipeline.php(102): Illuminate\Routing\Pipeline->Illuminate\Routing\{closure}(Object(Illuminate\Http\Request))
#41 /home/vagrant/Code/SayAsThat/vendor/laravel/framework/src/Illuminate/Foundation/Http/Kernel.php(151): Illuminate\Pipeline\Pipeline->then(Object(Closure))
#42 /home/vagrant/Code/SayAsThat/vendor/laravel/framework/src/Illuminate/Foundation/Http/Kernel.php(116): Illuminate\Foundation\Http\Kernel->sendRequestThroughRouter(Object(Illuminate\Http\Request))
#43 /home/vagrant/Code/SayAsThat/index.php(43): Illuminate\Foundation\Http\Kernel->handle(Object(Illuminate\Http\Request))
#44 {main}  
